-------------------------------------------------------------------------------
Test set: edu.eci.cvds.tdd.library.LibraryTest
-------------------------------------------------------------------------------
<<<<<<< HEAD
<<<<<<< Updated upstream
Tests run: 8, Failures: 0, Errors: 0, Skipped: 0, Time elapsed: 0.087 s -- in edu.eci.cvds.tdd.library.LibraryTest
=======
Tests run: 9, Failures: 0, Errors: 0, Skipped: 0, Time elapsed: 0.074 s -- in edu.eci.cvds.tdd.library.LibraryTest
>>>>>>> Stashed changes
=======
Tests run: 8, Failures: 0, Errors: 0, Skipped: 0, Time elapsed: 0.061 s -- in edu.eci.cvds.tdd.library.LibraryTest
>>>>>>> 864f23f38e2e30cd3a5782c01dd02d1b53835a76
